<?xml version="1.0"?>
<!DOCTYPE coverage SYSTEM "http://cobertura.sourceforge.net/xml/coverage-04.dtd">
<coverage 
line-rate="1.00" lines-valid="46" lines-covered="46" branches-valid="4" branches-covered="4" branch-rate="1.00" complexity="0" version="1.0" timestamp="1490186480199">
    <sources>
        <source>--source</source>
        <source>/home/knoldus/Downloads/AkkaSecondAssignment/src/main/scala-2.11</source>
        <source>/home/knoldus/Downloads/AkkaSecondAssignment/src/main/scala</source>
        <source>/home/knoldus/Downloads/AkkaSecondAssignment/src/main/java</source>
    </sources>
    <packages>
        <package name="com.knoldus" line-rate="1.00" branch-rate="1.00" complexity="0">
            <classes>
                <class 
                name="com.knoldus.ValidationActor" filename="com/knoldus/ValidationActor.scala" line-rate="1.00" branch-rate="1.00" complexity="0">
                    <methods>
                        <method 
                        name="com.knoldus/ValidationActor/&lt;none&gt;" signature="()V" line-rate="1.00" branch-rate="1.00" complexity="0">
                            <lines>
                                <line number="11" hits="1" branch="false"/>
                            </lines>
</method>
                        <method name="com.knoldus/ValidationActor/receive" signature="()V" line-rate="1.00" branch-rate="1.00" complexity="0">
                            <lines>
                                <line number="17" hits="1" branch="false"/>
                                <line number="19" hits="1" branch="false"/>
                                <line number="18" hits="1" branch="false"/>
                                <line number="19" hits="1" branch="false"/>
                                <line number="15" hits="1" branch="false"/>
                                <line number="16" hits="1" branch="false"/>
                                <line number="18" hits="1" branch="false"/>
                                <line number="12" hits="1" branch="false"/>
                                <line number="19" hits="1" branch="false"/>
                                <line number="17" hits="1" branch="false"/>
                                <line number="19" hits="1" branch="false"/>
                                <line number="15" hits="1" branch="false"/>
                                <line number="17" hits="1" branch="false"/>
                                <line number="18" hits="1" branch="false"/>
                                <line number="16" hits="1" branch="false"/>
                                <line number="19" hits="1" branch="false"/>
                                <line number="16" hits="1" branch="false"/>
                                <line number="18" hits="1" branch="false"/>
                                <line number="16" hits="1" branch="false"/>
                                <line number="19" hits="1" branch="false"/>
                                <line number="19" hits="1" branch="false"/>
                                <line number="15" hits="1" branch="false"/>
                                <line number="17" hits="1" branch="false"/>
                            </lines>
                        </method>
                    </methods>
                    <lines>
                        <line number="11" hits="1" branch="false"/>
                        <line number="17" hits="1" branch="false"/>
                        <line number="19" hits="1" branch="false"/>
                        <line number="18" hits="1" branch="false"/>
                        <line number="19" hits="1" branch="false"/>
                        <line number="15" hits="1" branch="false"/>
                        <line number="16" hits="1" branch="false"/>
                        <line number="18" hits="1" branch="false"/>
                        <line number="12" hits="1" branch="false"/>
                        <line number="19" hits="1" branch="false"/>
                        <line number="17" hits="1" branch="false"/>
                        <line number="19" hits="1" branch="false"/>
                        <line number="15" hits="1" branch="false"/>
                        <line number="17" hits="1" branch="false"/>
                        <line number="18" hits="1" branch="false"/>
                        <line number="16" hits="1" branch="false"/>
                        <line number="19" hits="1" branch="false"/>
                        <line number="16" hits="1" branch="false"/>
                        <line number="18" hits="1" branch="false"/>
                        <line number="16" hits="1" branch="false"/>
                        <line number="19" hits="1" branch="false"/>
                        <line number="19" hits="1" branch="false"/>
                        <line number="15" hits="1" branch="false"/>
                        <line number="17" hits="1" branch="false"/>
                    </lines>
</class>
                <class 
                name="com.knoldus.PurchaseRequestHandler" filename="com/knoldus/PurchaseRequestHandler.scala" line-rate="1.00" branch-rate="1.00" complexity="0">
                    <methods>
                        <method 
                        name="com.knoldus/PurchaseRequestHandler/props" signature="()V" line-rate="1.00" branch-rate="1.00" complexity="0">
                            <lines>
                                <line number="16" hits="1" branch="false"/>
                            </lines>
</method>
                        <method 
                        name="com.knoldus/PurchaseRequestHandler/&lt;none&gt;" signature="()V" line-rate="1.00" branch-rate="1.00" complexity="0">
                            <lines>
                                <line number="6" hits="1" branch="false"/>
                            </lines>
</method>
                        <method 
                        name="com.knoldus/PurchaseRequestHandler/receive" signature="()V" line-rate="1.00" branch-rate="1.00" complexity="0">
                            <lines>
                                <line number="8" hits="1" branch="false"/>
                                <line number="11" hits="1" branch="false"/>
                                <line number="8" hits="1" branch="false"/>
                                <line number="8" hits="1" branch="false"/>
                                <line number="10" hits="1" branch="false"/>
                                <line number="10" hits="1" branch="false"/>
                                <line number="7" hits="1" branch="false"/>
                                <line number="8" hits="1" branch="false"/>
                            </lines>
</method>
                    </methods>
                    <lines>
                        <line number="8" hits="1" branch="false"/>
                        <line number="11" hits="1" branch="false"/>
                        <line number="8" hits="1" branch="false"/>
                        <line number="6" hits="1" branch="false"/>
                        <line number="16" hits="1" branch="false"/>
                        <line number="8" hits="1" branch="false"/>
                        <line number="10" hits="1" branch="false"/>
                        <line number="10" hits="1" branch="false"/>
                        <line number="7" hits="1" branch="false"/>
                        <line number="8" hits="1" branch="false"/>
                    </lines>
</class>
                <class 
                name="com.knoldus.PurchaseActor" filename="com/knoldus/PurchaseActor.scala" line-rate="1.00" branch-rate="1.00" complexity="0">
                    <methods>
                        <method name="com.knoldus/PurchaseActor/props" signature="()V" line-rate="1.00" branch-rate="1.00" complexity="0">
                            <lines>
                                <line number="19" hits="1" branch="false"/>
                            </lines>
                        </method>
                        <method name="com.knoldus/PurchaseActor/receive" signature="()V" line-rate="1.00" branch-rate="1.00" complexity="0">
                            <lines>
                                <line number="13" hits="1" branch="false"/>
                                <line number="6" hits="1" branch="false"/>
                                <line number="9" hits="1" branch="false"/>
                                <line number="12" hits="1" branch="false"/>
                                <line number="12" hits="1" branch="false"/>
                                <line number="13" hits="1" branch="false"/>
                                <line number="11" hits="1" branch="false"/>
                                <line number="8" hits="1" branch="false"/>
                                <line number="13" hits="1" branch="false"/>
                                <line number="9" hits="1" branch="false"/>
                                <line number="13" hits="1" branch="false"/>
                            </lines>
                        </method>
                    </methods>
                    <lines>
                        <line number="13" hits="1" branch="false"/>
                        <line number="6" hits="1" branch="false"/>
                        <line number="9" hits="1" branch="false"/>
                        <line number="12" hits="1" branch="false"/>
                        <line number="12" hits="1" branch="false"/>
                        <line number="13" hits="1" branch="false"/>
                        <line number="11" hits="1" branch="false"/>
                        <line number="8" hits="1" branch="false"/>
                        <line number="13" hits="1" branch="false"/>
                        <line number="9" hits="1" branch="false"/>
                        <line number="19" hits="1" branch="false"/>
                        <line number="13" hits="1" branch="false"/>
                    </lines>
</class>
            </classes>
        </package>
    </packages>
</coverage>
