<?xml version="1.0"?>
<!DOCTYPE coverage SYSTEM "http://cobertura.sourceforge.net/xml/coverage-04.dtd">
<coverage 
line-rate="0.23" lines-valid="96" lines-covered="22" branches-valid="4" branches-covered="2" branch-rate="0.50" complexity="0" version="1.0" timestamp="1490165866848">
    <sources>
        <source>--source</source>
        <source>/home/knoldus/Downloads/AkkaSecondAssignment/src/main/scala-2.11</source>
        <source>/home/knoldus/Downloads/AkkaSecondAssignment/src/main/scala</source>
        <source>/home/knoldus/Downloads/AkkaSecondAssignment/src/main/java</source>
    </sources>
    <packages>
        <package name="&lt;empty&gt;" line-rate="0.23" branch-rate="0.50" complexity="0">
            <classes>
                <class 
                name="PurchaseRequestHandler" filename="PurchaseRequestHandler.scala" line-rate="1.00" branch-rate="1.00" complexity="0">
                    <methods>
                        <method 
                        name="&lt;empty&gt;/PurchaseRequestHandler/receive" signature="()V" line-rate="1.00" branch-rate="1.00" complexity="0">
                            <lines>
                                <line number="8" hits="1" branch="false"/>
                                <line number="5" hits="1" branch="false"/>
                                <line number="6" hits="1" branch="false"/>
                                <line number="6" hits="1" branch="false"/>
                                <line number="6" hits="1" branch="false"/>
                                <line number="9" hits="1" branch="false"/>
                                <line number="8" hits="1" branch="false"/>
                                <line number="6" hits="1" branch="false"/>
                            </lines>
</method>
                        <method 
                        name="&lt;empty&gt;/PurchaseRequestHandler/&lt;none&gt;" signature="()V" line-rate="1.00" branch-rate="1.00" complexity="0">
                            <lines>
                                <line number="4" hits="1" branch="false"/>
                            </lines>
</method>
                        <method 
                        name="&lt;empty&gt;/PurchaseRequestHandler/props" signature="()V" line-rate="1.00" branch-rate="1.00" complexity="0">
                            <lines>
                                <line number="14" hits="1" branch="false"/>
                            </lines>
</method>
                    </methods>
                    <lines>
                        <line number="8" hits="1" branch="false"/>
                        <line number="5" hits="1" branch="false"/>
                        <line number="6" hits="1" branch="false"/>
                        <line number="6" hits="1" branch="false"/>
                        <line number="6" hits="1" branch="false"/>
                        <line number="9" hits="1" branch="false"/>
                        <line number="8" hits="1" branch="false"/>
                        <line number="4" hits="1" branch="false"/>
                        <line number="14" hits="1" branch="false"/>
                        <line number="6" hits="1" branch="false"/>
                    </lines>
</class>
                <class name="PurchaseActor" filename="PurchaseActor.scala" line-rate="1.00" branch-rate="1.00" complexity="0">
                    <methods>
                        <method name="&lt;empty&gt;/PurchaseActor/props" signature="()V" line-rate="1.00" branch-rate="1.00" complexity="0">
                            <lines>
                                <line number="17" hits="1" branch="false"/>
                            </lines>
                        </method>
                        <method name="&lt;empty&gt;/PurchaseActor/receive" signature="()V" line-rate="1.00" branch-rate="1.00" complexity="0">
                            <lines>
                                <line number="11" hits="1" branch="false"/>
                                <line number="7" hits="1" branch="false"/>
                                <line number="11" hits="1" branch="false"/>
                                <line number="10" hits="1" branch="false"/>
                                <line number="11" hits="1" branch="false"/>
                                <line number="7" hits="1" branch="false"/>
                                <line number="4" hits="1" branch="false"/>
                                <line number="9" hits="1" branch="false"/>
                                <line number="10" hits="1" branch="false"/>
                                <line number="11" hits="1" branch="false"/>
                                <line number="6" hits="1" branch="false"/>
                            </lines>
                        </method>
                    </methods>
                    <lines>
                        <line number="11" hits="1" branch="false"/>
                        <line number="17" hits="1" branch="false"/>
                        <line number="7" hits="1" branch="false"/>
                        <line number="11" hits="1" branch="false"/>
                        <line number="10" hits="1" branch="false"/>
                        <line number="11" hits="1" branch="false"/>
                        <line number="7" hits="1" branch="false"/>
                        <line number="4" hits="1" branch="false"/>
                        <line number="9" hits="1" branch="false"/>
                        <line number="10" hits="1" branch="false"/>
                        <line number="11" hits="1" branch="false"/>
                        <line number="6" hits="1" branch="false"/>
                    </lines>
                </class>
                <class name="ValidationActor" filename="ValidationActor.scala" line-rate="0.00" branch-rate="0.00" complexity="0">
                    <methods>
                        <method 
                        name="&lt;empty&gt;/ValidationActor/receive" signature="()V" line-rate="0.00" branch-rate="0.00" complexity="0">
                            <lines>
                                <line number="18" hits="0" branch="false"/>
                                <line number="16" hits="0" branch="false"/>
                                <line number="18" hits="0" branch="false"/>
                                <line number="17" hits="0" branch="false"/>
                                <line number="15" hits="0" branch="false"/>
                                <line number="15" hits="0" branch="false"/>
                                <line number="18" hits="0" branch="false"/>
                                <line number="14" hits="0" branch="false"/>
                                <line number="18" hits="0" branch="false"/>
                                <line number="16" hits="0" branch="false"/>
                                <line number="18" hits="0" branch="false"/>
                                <line number="17" hits="0" branch="false"/>
                                <line number="14" hits="0" branch="false"/>
                                <line number="15" hits="0" branch="false"/>
                                <line number="17" hits="0" branch="false"/>
                                <line number="17" hits="0" branch="false"/>
                                <line number="11" hits="0" branch="false"/>
                                <line number="15" hits="0" branch="false"/>
                                <line number="18" hits="0" branch="false"/>
                                <line number="16" hits="0" branch="false"/>
                                <line number="16" hits="0" branch="false"/>
                                <line number="18" hits="0" branch="false"/>
                                <line number="14" hits="0" branch="false"/>
                            </lines>
</method>
                        <method 
                        name="&lt;empty&gt;/ValidationActor/&lt;none&gt;" signature="()V" line-rate="0.00" branch-rate="0.00" complexity="0">
                            <lines>
                                <line number="10" hits="0" branch="false"/>
                            </lines>
</method>
                    </methods>
                    <lines>
                        <line number="18" hits="0" branch="false"/>
                        <line number="16" hits="0" branch="false"/>
                        <line number="18" hits="0" branch="false"/>
                        <line number="17" hits="0" branch="false"/>
                        <line number="15" hits="0" branch="false"/>
                        <line number="15" hits="0" branch="false"/>
                        <line number="18" hits="0" branch="false"/>
                        <line number="14" hits="0" branch="false"/>
                        <line number="18" hits="0" branch="false"/>
                        <line number="16" hits="0" branch="false"/>
                        <line number="10" hits="0" branch="false"/>
                        <line number="18" hits="0" branch="false"/>
                        <line number="17" hits="0" branch="false"/>
                        <line number="14" hits="0" branch="false"/>
                        <line number="15" hits="0" branch="false"/>
                        <line number="17" hits="0" branch="false"/>
                        <line number="17" hits="0" branch="false"/>
                        <line number="11" hits="0" branch="false"/>
                        <line number="15" hits="0" branch="false"/>
                        <line number="18" hits="0" branch="false"/>
                        <line number="16" hits="0" branch="false"/>
                        <line number="16" hits="0" branch="false"/>
                        <line number="18" hits="0" branch="false"/>
                        <line number="14" hits="0" branch="false"/>
                    </lines>
                </class>
                <class name="MobilePurchase" filename="MobilePurchase.scala" line-rate="0.00" branch-rate="0.00" complexity="0">
                    <methods>
                        <method 
                        name="&lt;empty&gt;/MobilePurchase/&lt;none&gt;" signature="()V" line-rate="0.00" branch-rate="0.00" complexity="0">
                            <lines>
                                <line number="29" hits="0" branch="false"/>
                                <line number="35" hits="0" branch="false"/>
                                <line number="32" hits="0" branch="false"/>
                                <line number="34" hits="0" branch="false"/>
                                <line number="34" hits="0" branch="false"/>
                                <line number="32" hits="0" branch="false"/>
                                <line number="25" hits="0" branch="false"/>
                                <line number="27" hits="0" branch="false"/>
                                <line number="30" hits="0" branch="false"/>
                                <line number="26" hits="0" branch="false"/>
                                <line number="30" hits="0" branch="false"/>
                                <line number="33" hits="0" branch="false"/>
                                <line number="35" hits="0" branch="false"/>
                                <line number="29" hits="0" branch="false"/>
                                <line number="22" hits="0" branch="false"/>
                                <line number="24" hits="0" branch="false"/>
                                <line number="27" hits="0" branch="false"/>
                                <line number="35" hits="0" branch="false"/>
                                <line number="33" hits="0" branch="false"/>
                                <line number="35" hits="0" branch="false"/>
                                <line number="24" hits="0" branch="false"/>
                                <line number="27" hits="0" branch="false"/>
                                <line number="29" hits="0" branch="false"/>
                                <line number="32" hits="0" branch="false"/>
                                <line number="27" hits="0" branch="false"/>
                                <line number="25" hits="0" branch="false"/>
                                <line number="34" hits="0" branch="false"/>
                                <line number="30" hits="0" branch="false"/>
                                <line number="32" hits="0" branch="false"/>
                                <line number="26" hits="0" branch="false"/>
                                <line number="33" hits="0" branch="false"/>
                                <line number="15" hits="0" branch="false"/>
                                <line number="30" hits="0" branch="false"/>
                                <line number="29" hits="0" branch="false"/>
                                <line number="34" hits="0" branch="false"/>
                                <line number="33" hits="0" branch="false"/>
                                <line number="30" hits="0" branch="false"/>
                                <line number="26" hits="0" branch="false"/>
                                <line number="27" hits="0" branch="false"/>
                                <line number="35" hits="0" branch="false"/>
                                <line number="29" hits="0" branch="false"/>
                                <line number="26" hits="0" branch="false"/>
                                <line number="14" hits="0" branch="false"/>
                                <line number="30" hits="0" branch="false"/>
                                <line number="33" hits="0" branch="false"/>
                                <line number="27" hits="0" branch="false"/>
                                <line number="34" hits="0" branch="false"/>
                                <line number="32" hits="0" branch="false"/>
                                <line number="24" hits="0" branch="false"/>
                                <line number="29" hits="0" branch="false"/>
                            </lines>
</method>
                    </methods>
                    <lines>
                        <line number="29" hits="0" branch="false"/>
                        <line number="35" hits="0" branch="false"/>
                        <line number="32" hits="0" branch="false"/>
                        <line number="34" hits="0" branch="false"/>
                        <line number="34" hits="0" branch="false"/>
                        <line number="32" hits="0" branch="false"/>
                        <line number="25" hits="0" branch="false"/>
                        <line number="27" hits="0" branch="false"/>
                        <line number="30" hits="0" branch="false"/>
                        <line number="26" hits="0" branch="false"/>
                        <line number="30" hits="0" branch="false"/>
                        <line number="33" hits="0" branch="false"/>
                        <line number="35" hits="0" branch="false"/>
                        <line number="29" hits="0" branch="false"/>
                        <line number="22" hits="0" branch="false"/>
                        <line number="24" hits="0" branch="false"/>
                        <line number="27" hits="0" branch="false"/>
                        <line number="35" hits="0" branch="false"/>
                        <line number="33" hits="0" branch="false"/>
                        <line number="35" hits="0" branch="false"/>
                        <line number="24" hits="0" branch="false"/>
                        <line number="27" hits="0" branch="false"/>
                        <line number="29" hits="0" branch="false"/>
                        <line number="32" hits="0" branch="false"/>
                        <line number="27" hits="0" branch="false"/>
                        <line number="25" hits="0" branch="false"/>
                        <line number="34" hits="0" branch="false"/>
                        <line number="30" hits="0" branch="false"/>
                        <line number="32" hits="0" branch="false"/>
                        <line number="26" hits="0" branch="false"/>
                        <line number="33" hits="0" branch="false"/>
                        <line number="15" hits="0" branch="false"/>
                        <line number="30" hits="0" branch="false"/>
                        <line number="29" hits="0" branch="false"/>
                        <line number="34" hits="0" branch="false"/>
                        <line number="33" hits="0" branch="false"/>
                        <line number="30" hits="0" branch="false"/>
                        <line number="26" hits="0" branch="false"/>
                        <line number="27" hits="0" branch="false"/>
                        <line number="35" hits="0" branch="false"/>
                        <line number="29" hits="0" branch="false"/>
                        <line number="26" hits="0" branch="false"/>
                        <line number="14" hits="0" branch="false"/>
                        <line number="30" hits="0" branch="false"/>
                        <line number="33" hits="0" branch="false"/>
                        <line number="27" hits="0" branch="false"/>
                        <line number="34" hits="0" branch="false"/>
                        <line number="32" hits="0" branch="false"/>
                        <line number="24" hits="0" branch="false"/>
                        <line number="29" hits="0" branch="false"/>
                    </lines>
                </class>
            </classes>
        </package>
    </packages>
</coverage>
